<?xml version="1.0" encoding="UTF-8"?>
<testng-results ignored="0" total="1" passed="1" failed="0" skipped="0">
  <reporter-output>
  </reporter-output>
  <suite started-at="2023-11-04T13:20:58 IST" name="Default suite" finished-at="2023-11-04T13:20:58 IST" duration-ms="45">
    <groups>
    </groups>
    <test started-at="2023-11-04T13:20:58 IST" name="Default test" finished-at="2023-11-04T13:20:58 IST" duration-ms="45">
      <class name="FourthClassTest">
        <test-method signature="fourmethod()[pri:0, instance:FourthClassTest@506ae4d4]" started-at="2023-11-04T13:20:58 IST" name="fourmethod" finished-at="2023-11-04T13:20:58 IST" duration-ms="8" status="PASS">
          <reporter-output>
          </reporter-output>
        </test-method> <!-- fourmethod -->
      </class> <!-- FourthClassTest -->
    </test> <!-- Default test -->
  </suite> <!-- Default suite -->
</testng-results>
